# JRE version: OpenJDK Runtime Environment (8.0_152-b02) (build 1.8.0_152-release-1024-b02)
# Java VM: OpenJDK 64-Bit Server VM (25.152-b02 mixed mode windows-amd64 compressed oops)
Heap:
 PSYoungGen      total 287744K, used 12789K [0x00000000e0000000, 0x00000000f3500000, 0x0000000100000000)
  eden space 261632K, 0% used [0x00000000e0000000,0x00000000e0000000,0x00000000eff80000)
  from space 26112K, 48% used [0x00000000eff80000,0x00000000f0bfd600,0x00000000f1900000)
  to   space 25088K, 0% used [0x00000000f1c80000,0x00000000f1c80000,0x00000000f3500000)
 ParOldGen       total 154624K, used 45441K [0x00000000a0000000, 0x00000000a9700000, 0x00000000e0000000)
  object space 154624K, 29% used [0x00000000a0000000,0x00000000a2c60520,0x00000000a9700000)
 Metaspace       used 72069K, capacity 74883K, committed 75008K, reserved 1114112K
  class space    used 9554K, capacity 10198K, committed 10240K, reserved 1048576K
GC Heap History (10 events):
Event: 102.749 GC heap after
Heap after GC invocations=14 (full 3):
 PSYoungGen      total 185344K, used 0K [0x00000000e0000000, 0x00000000f1580000, 0x0000000100000000)
  eden space 161792K, 0% used [0x00000000e0000000,0x00000000e0000000,0x00000000e9e00000)
  from space 23552K, 0% used [0x00000000e9e00000,0x00000000e9e00000,0x00000000eb500000)
  to   space 26624K, 0% used [0x00000000efb80000,0x00000000efb80000,0x00000000f1580000)
 ParOldGen       total 154624K, used 45417K [0x00000000a0000000, 0x00000000a9700000, 0x00000000e0000000)
  object space 154624K, 29% used [0x00000000a0000000,0x00000000a2c5a520,0x00000000a9700000)
 Metaspace       used 57049K, capacity 58904K, committed 59028K, reserved 1099776K
  class space    used 7849K, capacity 8354K, committed 8448K, reserved 1048576K
}
Event: 121.928 GC heap before
{Heap before GC invocations=15 (full 3):
 PSYoungGen      total 185344K, used 161792K [0x00000000e0000000, 0x00000000f1580000, 0x0000000100000000)
  eden space 161792K, 100% used [0x00000000e0000000,0x00000000e9e00000,0x00000000e9e00000)
  from space 23552K, 0% used [0x00000000e9e00000,0x00000000e9e00000,0x00000000eb500000)
  to   space 26624K, 0% used [0x00000000efb80000,0x00000000efb80000,0x00000000f1580000)
 ParOldGen       total 154624K, used 45417K [0x00000000a0000000, 0x00000000a9700000, 0x00000000e0000000)
  object space 154624K, 29% used [0x00000000a0000000,0x00000000a2c5a520,0x00000000a9700000)
 Metaspace       used 65653K, capacity 68161K, committed 68352K, reserved 1107968K
  class space    used 8832K, capacity 9438K, committed 9472K, reserved 1048576K
Event: 121.990 GC heap after
Heap after GC invocations=15 (full 3):
 PSYoungGen      total 224256K, used 15165K [0x00000000e0000000, 0x00000000f0a80000, 0x0000000100000000)
  eden space 208896K, 0% used [0x00000000e0000000,0x00000000e0000000,0x00000000ecc00000)
  from space 15360K, 98% used [0x00000000efb80000,0x00000000f0a4f4c8,0x00000000f0a80000)
  to   space 26624K, 0% used [0x00000000ed680000,0x00000000ed680000,0x00000000ef080000)
 ParOldGen       total 154624K, used 45425K [0x00000000a0000000, 0x00000000a9700000, 0x00000000e0000000)
  object space 154624K, 29% used [0x00000000a0000000,0x00000000a2c5c520,0x00000000a9700000)
 Metaspace       used 65653K, capacity 68161K, committed 68352K, reserved 1107968K
  class space    used 8832K, capacity 9438K, committed 9472K, reserved 1048576K
}
Event: 3709.964 GC heap before
{Heap before GC invocations=16 (full 3):
 PSYoungGen      total 224256K, used 224061K [0x00000000e0000000, 0x00000000f0a80000, 0x0000000100000000)
  eden space 208896K, 100% used [0x00000000e0000000,0x00000000ecc00000,0x00000000ecc00000)
  from space 15360K, 98% used [0x00000000efb80000,0x00000000f0a4f4c8,0x00000000f0a80000)
  to   space 26624K, 0% used [0x00000000ed680000,0x00000000ed680000,0x00000000ef080000)
 ParOldGen       total 154624K, used 45425K [0x00000000a0000000, 0x00000000a9700000, 0x00000000e0000000)
  object space 154624K, 29% used [0x00000000a0000000,0x00000000a2c5c520,0x00000000a9700000)
 Metaspace       used 68724K, capacity 71417K, committed 71552K, reserved 1112064K
  class space    used 9131K, capacity 9772K, committed 9856K, reserved 1048576K
Event: 3709.985 GC heap after
Heap after GC invocations=16 (full 3):
 PSYoungGen      total 246272K, used 18071K [0x00000000e0000000, 0x00000000f3380000, 0x0000000100000000)
  eden space 219648K, 0% used [0x00000000e0000000,0x00000000e0000000,0x00000000ed680000)
  from space 26624K, 67% used [0x00000000ed680000,0x00000000ee825fe0,0x00000000ef080000)
  to   space 27136K, 0% used [0x00000000f1900000,0x00000000f1900000,0x00000000f3380000)
 ParOldGen       total 154624K, used 45433K [0x00000000a0000000, 0x00000000a9700000, 0x00000000e0000000)
  object space 154624K, 29% used [0x00000000a0000000,0x00000000a2c5e520,0x00000000a9700000)
 Metaspace       used 68724K, capacity 71417K, committed 71552K, reserved 1112064K
  class space    used 9131K, capacity 9772K, committed 9856K, reserved 1048576K
}
Event: 3749.369 GC heap before
{Heap before GC invocations=17 (full 3):
 PSYoungGen      total 246272K, used 237719K [0x00000000e0000000, 0x00000000f3380000, 0x0000000100000000)
  eden space 219648K, 100% used [0x00000000e0000000,0x00000000ed680000,0x00000000ed680000)
  from space 26624K, 67% used [0x00000000ed680000,0x00000000ee825fe0,0x00000000ef080000)
  to   space 27136K, 0% used [0x00000000f1900000,0x00000000f1900000,0x00000000f3380000)
 ParOldGen       total 154624K, used 45433K [0x00000000a0000000, 0x00000000a9700000, 0x00000000e0000000)
  object space 154624K, 29% used [0x00000000a0000000,0x00000000a2c5e520,0x00000000a9700000)
 Metaspace       used 70449K, capacity 73179K, committed 73472K, reserved 1112064K
  class space    used 9314K, capacity 9935K, committed 9984K, reserved 1048576K
Event: 3749.420 GC heap after
Heap after GC invocations=17 (full 3):
 PSYoungGen      total 288768K, used 14631K [0x00000000e0000000, 0x00000000f3700000, 0x0000000100000000)
  eden space 261632K, 0% used [0x00000000e0000000,0x00000000e0000000,0x00000000eff80000)
  from space 27136K, 53% used [0x00000000f1900000,0x00000000f2749cc8,0x00000000f3380000)
  to   space 26112K, 0% used [0x00000000eff80000,0x00000000eff80000,0x00000000f1900000)
 ParOldGen       total 154624K, used 45441K [0x00000000a0000000, 0x00000000a9700000, 0x00000000e0000000)
  object space 154624K, 29% used [0x00000000a0000000,0x00000000a2c60520,0x00000000a9700000)
 Metaspace       used 70449K, capacity 73179K, committed 73472K, reserved 1112064K
  class space    used 9314K, capacity 9935K, committed 9984K, reserved 1048576K
}
Event: 3766.440 GC heap before
{Heap before GC invocations=18 (full 3):
 PSYoungGen      total 288768K, used 109375K [0x00000000e0000000, 0x00000000f3700000, 0x0000000100000000)
  eden space 261632K, 36% used [0x00000000e0000000,0x00000000e5c85fd8,0x00000000eff80000)
  from space 27136K, 53% used [0x00000000f1900000,0x00000000f2749cc8,0x00000000f3380000)
  to   space 26112K, 0% used [0x00000000eff80000,0x00000000eff80000,0x00000000f1900000)
 ParOldGen       total 154624K, used 45441K [0x00000000a0000000, 0x00000000a9700000, 0x00000000e0000000)
  object space 154624K, 29% used [0x00000000a0000000,0x00000000a2c60520,0x00000000a9700000)
 Metaspace       used 72069K, capacity 74883K, committed 75008K, reserved 1114112K
  class space    used 9554K, capacity 10198K, committed 10240K, reserved 1048576K
Event: 3766.476 GC heap after
Heap after GC invocations=18 (full 3):
 PSYoungGen      total 287744K, used 12789K [0x00000000e0000000, 0x00000000f3500000, 0x0000000100000000)
  eden space 261632K, 0% used [0x00000000e0000000,0x00000000e0000000,0x00000000eff80000)
  from space 26112K, 48% used [0x00000000eff80000,0x00000000f0bfd600,0x00000000f1900000)
  to   space 25088K, 0% used [0x00000000f1c80000,0x00000000f1c80000,0x00000000f3500000)
 ParOldGen       total 154624K, used 45441K [0x00000000a0000000, 0x00000000a9700000, 0x00000000e0000000)
  object space 154624K, 29% used [0x00000000a0000000,0x00000000a2c60520,0x00000000a9700000)
 Metaspace       used 72069K, capacity 74883K, committed 75008K, reserved 1114112K
  class space    used 9554K, capacity 10198K, committed 10240K, reserved 1048576K
}
Event: 3766.476 GC heap before
{Heap before GC invocations=19 (full 4):
 PSYoungGen      total 287744K, used 12789K [0x00000000e0000000, 0x00000000f3500000, 0x0000000100000000)
  eden space 261632K, 0% used [0x00000000e0000000,0x00000000e0000000,0x00000000eff80000)
  from space 26112K, 48% used [0x00000000eff80000,0x00000000f0bfd600,0x00000000f1900000)
  to   space 25088K, 0% used [0x00000000f1c80000,0x00000000f1c80000,0x00000000f3500000)
 ParOldGen       total 154624K, used 45441K [0x00000000a0000000, 0x00000000a9700000, 0x00000000e0000000)
  object space 154624K, 29% used [0x00000000a0000000,0x00000000a2c60520,0x00000000a9700000)
 Metaspace       used 72069K, capacity 74883K, committed 75008K, reserved 1114112K
  class space    used 9554K, capacity 10198K, committed 10240K, reserved 1048576K

